1473822440898,test,45.5122005,-122.6770026
1473822454518,210 Homewood Rd,39.202074,-76.647373
1474065546645,210 Homewood Rd,39.202074,-76.647373
1474065603907,210 Homewood Rd,39.202074,-76.647373
1474065644877,210 Homewood Rd,39.202074,-76.647373
1474065678856,210 Homewood Rd,39.202074,-76.647373
1474065690497,new mexico,34.5199402,-105.8700901
1474065702122,nebreska,41.4925374,-99.9018131
1474065711584,montana,46.8796822,-110.3625658
1474065949740,montana,46.8796822,-110.3625658
1474065985417,montana,46.8796822,-110.3625658
1474065993580,montana,46.8796822,-110.3625658
1474066021614,alaska,64.2008413,-149.4936733
1474066036372,Hawaii,19.8967662,-155.5827818
1474066151983,Hawaii,19.8967662,-155.5827818
1474066171486,Hawaii,19.8967662,-155.5827818
1474066231266,Hawaii,19.8967662,-155.5827818
1474066275964,Hawaii,19.8967662,-155.5827818
1474066296948,Hawaii,19.8967662,-155.5827818
1474066331647,Hawaii,19.8967662,-155.5827818
1474066348930,alaska,64.2008413,-149.4936733
1474066432223,alaska,64.2008413,-149.4936733
1474072069195,montana,46.8796822,-110.3625658
1474072098883,montana,46.8796822,-110.3625658
1474072107133,montana,46.8796822,-110.3625658
1474072394162,Pheonix, AZ,33.4483771,-112.0740373
1474072399932,Wyoming,43.0759678,-107.2902839
1474077492573,Wyoming,43.0759678,-107.2902839
1474077590783,Wyoming,43.0759678,-107.2902839
1474080271002,California,36.778261,-119.4179324
1474080323881,California,36.778261,-119.4179324
1474080348141,California,36.778261,-119.4179324
1474080702982,arizona,34.0489281,-111.0937311
1474081099892,8909 McGaw Ct,39.1891518,-76.8233245
1474081174594,8909 McGaw Ct,39.1891518,-76.8233245
1474081196743,8909 McGaw Ct,39.1891518,-76.8233245
1474081251313,Pheonix, AZ,33.4483771,-112.0740373
1474081342902,Pheonix, AZ,33.4483771,-112.0740373
1474228769460,210 homewood rd,39.202074,-76.647373
1474230418961,210 homewood rd,39.202074,-76.647373
1474254531050,8909 McGaw Ct,39.1891518,-76.8233245
1474254616532,8909 McGaw Ct,39.1891518,-76.8233245
1474254623240,8909 McGaw Ct,39.1891518,-76.8233245
1474254632967,8909 McGaw Ct,39.1891518,-76.8233245
1474254717953,8909 McGaw Ct,39.1891518,-76.8233245
1474254737003,8909 McGaw Ct,39.1891518,-76.8233245
1474254747813,8909 McGaw Ct,39.1891518,-76.8233245
1474254769281,8909 McGaw Ct,39.1891518,-76.8233245
1474254819659,8909 McGaw Ct,39.1891518,-76.8233245
1474426138441,210 homewood rd,39.202074,-76.647373
1474426292513,210 homewood rd,39.202074,-76.647373
1474427441471,210 homewood rd,39.202074,-76.647373
1474430082508,2100 Spring Garden St, PA,39.9636733,-75.17320730000002
1474430117224,2100 Spring Garden St, PA,39.9636733,-75.17320730000002
1474430197061,2100 Spring Garden St, PA,39.9636733,-75.17320730000002
1474430240699,210 homewood rd,39.202074,-76.647373
